============================= test session starts =============================
platform win32 -- Python 3.13.9, pytest-8.4.2, pluggy-1.5.0 -- C:\Anaconda3\python.exe
cachedir: .pytest_cache
rootdir: C:\pythonProject\python_ai_cspm\TestReport
configfile: pytest.ini
plugins: langsmith-0.7.16, anyio-4.10.0
collecting ... collected 34 items

test_api.py::TestProcessTextFileResponseNormal::test_process_text_file_response_minimal PASSED [  2%]
test_api.py::TestProcessTextFileResponseNormal::test_process_text_file_response_single_item PASSED [  5%]
test_api.py::TestProcessTextFileResponseNormal::test_process_text_file_response_multiple_items PASSED [  8%]
test_api.py::TestProcessTextFileResponseNormal::test_process_text_file_response_full_compliance_item PASSED [ 11%]
test_api.py::TestProcessTextFileResponseNormal::test_process_text_file_response_japanese_message PASSED [ 14%]
test_api.py::TestProcessTextFileResponseNormal::test_process_text_file_response_nested_compliance PASSED [ 17%]
test_api.py::TestBase64TextRequestNormal::test_base64_text_request_minimal PASSED [ 20%]
test_api.py::TestBase64TextRequestNormal::test_base64_text_request_with_session_id PASSED [ 23%]
test_api.py::TestBase64TextRequestNormal::test_base64_text_request_empty_session_id PASSED [ 26%]
test_api.py::TestBase64TextRequestNormal::test_base64_text_request_large_content PASSED [ 29%]
test_api.py::TestBase64TextRequestNormal::test_base64_text_request_japanese_filename PASSED [ 32%]
test_api.py::TestModelOperations::test_model_dump_dict_conversion PASSED [ 35%]
test_api.py::TestModelOperations::test_model_validate_from_dict PASSED   [ 38%]
test_api.py::TestModelOperations::test_json_round_trip PASSED            [ 41%]
test_api.py::TestModelOperations::test_model_dump_by_alias PASSED        [ 44%]
test_api.py::TestProcessTextFileResponseErrors::test_process_text_file_response_missing_required PASSED [ 47%]
test_api.py::TestProcessTextFileResponseErrors::test_process_text_file_response_invalid_type PASSED [ 50%]
test_api.py::TestBase64TextRequestErrors::test_base64_text_request_missing_filename PASSED [ 52%]
test_api.py::TestBase64TextRequestErrors::test_base64_text_request_missing_content PASSED [ 55%]
test_api.py::TestBase64TextRequestErrors::test_base64_text_request_invalid_type PASSED [ 58%]
test_api.py::TestBase64TextRequestErrors::test_response_all_fields_missing PASSED [ 61%]
test_api.py::TestBase64TextRequestErrors::test_request_all_fields_missing PASSED [ 64%]
test_api.py::TestBase64TextRequestErrors::test_response_message_wrong_type PASSED [ 67%]
test_api.py::TestBase64TextRequestErrors::test_response_source_filename_wrong_type PASSED [ 70%]
test_api.py::TestBase64TextRequestErrors::test_request_file_content_base64_wrong_type PASSED [ 73%]
test_api.py::TestBase64TextRequestErrors::test_request_session_id_wrong_type PASSED [ 76%]
test_api.py::TestBase64TextRequestSecurity::test_base64_request_path_traversal_warning PASSED [ 79%]
test_api.py::TestBase64TextRequestSecurity::test_base64_request_command_injection_warning PASSED [ 82%]
test_api.py::TestBase64TextRequestSecurity::test_base64_request_crlf_injection_warning PASSED [ 85%]
test_api.py::TestBase64TextRequestSecurity::test_null_byte_injection_filename PASSED [ 88%]
test_api.py::TestBase64TextRequestSecurity::test_xss_payload_in_message PASSED [ 91%]
test_api.py::TestBase64TextRequestSecurity::test_invalid_base64_content PASSED [ 94%]
test_api.py::TestBase64TextRequestSecurity::test_sql_injection_session_id PASSED [ 97%]
test_api.py::TestBase64TextRequestSecurity::test_large_string_dos PASSED [100%]

============================= 34 passed in 0.07s ==============================
